#
# There is insufficient memory for the Java Runtime Environment to continue.
# Native memory allocation (malloc) failed to allocate 1540800 bytes for Chunk::new
# Possible reasons:
#   The system is out of physical RAM or swap space
#   The process is running with CompressedOops enabled, and the Java Heap may be blocking the growth of the native heap
# Possible solutions:
#   Reduce memory load on the system
#   Increase physical memory or swap space
#   Check if swap backing store is full
#   Decrease Java heap size (-Xmx/-Xms)
#   Decrease number of Java threads
#   Decrease Java thread stack sizes (-Xss)
#   Set larger code cache with -XX:ReservedCodeCacheSize=
#   JVM is running with Unscaled Compressed Oops mode in which the Java heap is
#     placed in the first 4GB address space. The Java Heap base address is the
#     maximum limit for the native heap growth. Please use -XX:HeapBaseMinAddress
#     to set the Java Heap base and to place the Java Heap above 4GB virtual address.
# This output file may be truncated or incomplete.
#
#  Out of Memory Error (allocation.cpp:389), pid=16964, tid=0x000000000000467c
#
# JRE version: Java(TM) SE Runtime Environment (8.0_211-b12) (build 1.8.0_211-b12)
# Java VM: Java HotSpot(TM) 64-Bit Server VM (25.211-b12 mixed mode windows-amd64 compressed oops)
# Failed to write core dump. Minidumps are not enabled by default on client versions of Windows
#

---------------  T H R E A D  ---------------

Current thread (0x0000000019ba0800):  JavaThread "C2 CompilerThread2" daemon [_thread_in_native, id=18044, stack(0x000000001b3d0000,0x000000001b4d0000)]

Stack: [0x000000001b3d0000,0x000000001b4d0000]
[error occurred during error reporting (printing stack bounds), id 0xc0000005]

Native frames: (J=compiled Java code, j=interpreted, Vv=VM code, C=native code)


Current CompileTask:
C2:   2341 2135       4       java.net.URLClassLoader$1::run (5 bytes)


---------------  P R O C E S S  ---------------

Java Threads: ( => current thread )
  0x0000000019c49000 JavaThread "Service Thread" daemon [_thread_blocked, id=16084, stack(0x000000001b5d0000,0x000000001b6d0000)]
  0x0000000019ba1800 JavaThread "C1 CompilerThread3" daemon [_thread_blocked, id=19768, stack(0x000000001b4d0000,0x000000001b5d0000)]
=>0x0000000019ba0800 JavaThread "C2 CompilerThread2" daemon [_thread_in_native, id=18044, stack(0x000000001b3d0000,0x000000001b4d0000)]
  0x0000000019ba0000 JavaThread "C2 CompilerThread1" daemon [_thread_in_native, id=16172, stack(0x000000001b2d0000,0x000000001b3d0000)]
  0x0000000019b9b000 JavaThread "C2 CompilerThread0" daemon [_thread_in_native, id=3960, stack(0x000000001b1d0000,0x000000001b2d0000)]
  0x0000000019b8d800 JavaThread "Monitor Ctrl-Break" daemon [_thread_in_native, id=19352, stack(0x000000001b0d0000,0x000000001b1d0000)]
  0x0000000019b7b000 JavaThread "Attach Listener" daemon [_thread_blocked, id=17360, stack(0x000000001afd0000,0x000000001b0d0000)]
  0x0000000019b25000 JavaThread "Signal Dispatcher" daemon [_thread_blocked, id=16152, stack(0x000000001aed0000,0x000000001afd0000)]
  0x0000000018445800 JavaThread "Finalizer" daemon [_thread_blocked, id=15056, stack(0x000000001ad70000,0x000000001ae70000)]
  0x0000000019b03000 JavaThread "Reference Handler" daemon [_thread_blocked, id=19164, stack(0x000000001ac70000,0x000000001ad70000)]
  0x0000000003051800 JavaThread "main" [_thread_in_native, id=2948, stack(0x0000000002f40000,0x0000000003040000)]

Other Threads:
  0x0000000019ae2000 VMThread [stack: 0x000000001ab70000,0x000000001ac70000] [id=14236]
  0x0000000019c8c800 WatcherThread [stack: 0x000000001b740000,0x000000001b840000] [id=13736]

VM state:not at safepoint (normal execution)

VM Mutex/Monitor currently owned by a thread: None

heap address: 0x0000000082200000, size: 2014 MB, Compressed Oops mode: 32-bit
Narrow klass base: 0x0000000000000000, Narrow klass shift: 3
Compressed class space size: 1073741824 Address: 0x0000000100000000

Heap:
 PSYoungGen      total 70656K, used 60563K [0x00000000d6100000, 0x00000000dab00000, 0x0000000100000000)
  eden space 65536K, 86% used [0x00000000d6100000,0x00000000d98ac4f0,0x00000000da100000)
  from space 5120K, 69% used [0x00000000da600000,0x00000000da978898,0x00000000dab00000)
  to   space 5120K, 0% used [0x00000000da100000,0x00000000da100000,0x00000000da600000)
 ParOldGen       total 47104K, used 8087K [0x0000000082200000, 0x0000000085000000, 0x00000000d6100000)
  object space 47104K, 17% used [0x0000000082200000,0x00000000829e5ef0,0x0000000085000000)
 Metaspace       used 25513K, capacity 27034K, committed 27136K, reserved 1073152K
  class space    used 3275K, capacity 3547K, committed 3584K, reserved 1048576K

Card table byte_map: [0x00000000126e0000,0x0000000012ad0000] byte_map_base: 0x00000000122cf000

Marking Bits: (ParMarkBitMap*) 0x000000005fee5ce0
 Begin Bits: [0x0000000013770000, 0x00000000156e8000)
 End Bits:   [0x00000000156e8000, 0x0000000017660000)

Polling page: 0x00000000011c0000

CodeCache: size=245760Kb used=8165Kb max_used=8165Kb free=237594Kb
 bounds [0x0000000003320000, 0x0000000003b20000, 0x0000000012320000]
 total_blobs=2823 nmethods=2447 adapters=287
 compilation: enabled

Compilation events (10 events):
Event: 2.332 Thread 0x0000000019ba1800 2445       3       org.springframework.boot.autoconfigure.condition.ConditionMessage$ItemsBuilder::items (137 bytes)
Event: 2.334 Thread 0x0000000019ba1800 nmethod 2445 0x0000000003b19550 code [0x0000000003b19860, 0x0000000003b1b158]
Event: 2.336 Thread 0x0000000019ba1800 2446       3       org.springframework.beans.factory.support.AbstractAutowireCapableBeanFactory$FactoryBeanMethodTypeFinder::doWith (84 bytes)
Event: 2.338 Thread 0x0000000019ba1800 nmethod 2446 0x0000000003b1bbd0 code [0x0000000003b1be40, 0x0000000003b1cd78]
Event: 2.338 Thread 0x0000000019ba1800 2447       3       org.springframework.beans.factory.support.AbstractAutowireCapableBeanFactory$FactoryBeanMethodTypeFinder::isFactoryBeanMethod (32 bytes)
Event: 2.338 Thread 0x0000000019ba1800 nmethod 2447 0x0000000003b1d490 code [0x0000000003b1d620, 0x0000000003b1dab8]
Event: 2.338 Thread 0x0000000019ba1800 2448       3       org.springframework.core.MethodParameter::getDeclaringClass (8 bytes)
Event: 2.338 Thread 0x0000000019ba1800 nmethod 2448 0x0000000003b1dbd0 code [0x0000000003b1dd40, 0x0000000003b1df68]
Event: 2.338 Thread 0x0000000019ba1800 2449       1       org.springframework.beans.factory.support.GenericBeanDefinition::getParentName (5 bytes)
Event: 2.338 Thread 0x0000000019ba1800 nmethod 2449 0x0000000003b1e010 code [0x0000000003b1e160, 0x0000000003b1e270]

GC Heap History (10 events):
Event: 1.400 GC heap before
{Heap before GC invocations=3 (full 0):
 PSYoungGen      total 37888K, used 37872K [0x00000000d6100000, 0x00000000dab00000, 0x0000000100000000)
  eden space 32768K, 100% used [0x00000000d6100000,0x00000000d8100000,0x00000000d8100000)
  from space 5120K, 99% used [0x00000000d8600000,0x00000000d8afc208,0x00000000d8b00000)
  to   space 5120K, 0% used [0x00000000d8100000,0x00000000d8100000,0x00000000d8600000)
 ParOldGen       total 86016K, used 987K [0x0000000082200000, 0x0000000087600000, 0x00000000d6100000)
  object space 86016K, 1% used [0x0000000082200000,0x00000000822f6c40,0x0000000087600000)
 Metaspace       used 16840K, capacity 17670K, committed 18048K, reserved 1064960K
  class space    used 2145K, capacity 2321K, committed 2432K, reserved 1048576K
Event: 1.411 GC heap after
Heap after GC invocations=3 (full 0):
 PSYoungGen      total 37888K, used 5090K [0x00000000d6100000, 0x00000000dab00000, 0x0000000100000000)
  eden space 32768K, 0% used [0x00000000d6100000,0x00000000d6100000,0x00000000d8100000)
  from space 5120K, 99% used [0x00000000d8100000,0x00000000d85f8a30,0x00000000d8600000)
  to   space 5120K, 0% used [0x00000000da600000,0x00000000da600000,0x00000000dab00000)
 ParOldGen       total 86016K, used 3188K [0x0000000082200000, 0x0000000087600000, 0x00000000d6100000)
  object space 86016K, 3% used [0x0000000082200000,0x000000008251d118,0x0000000087600000)
 Metaspace       used 16840K, capacity 17670K, committed 18048K, reserved 1064960K
  class space    used 2145K, capacity 2321K, committed 2432K, reserved 1048576K
}
Event: 1.534 GC heap before
{Heap before GC invocations=4 (full 0):
 PSYoungGen      total 37888K, used 37858K [0x00000000d6100000, 0x00000000dab00000, 0x0000000100000000)
  eden space 32768K, 100% used [0x00000000d6100000,0x00000000d8100000,0x00000000d8100000)
  from space 5120K, 99% used [0x00000000d8100000,0x00000000d85f8a30,0x00000000d8600000)
  to   space 5120K, 0% used [0x00000000da600000,0x00000000da600000,0x00000000dab00000)
 ParOldGen       total 86016K, used 3188K [0x0000000082200000, 0x0000000087600000, 0x00000000d6100000)
  object space 86016K, 3% used [0x0000000082200000,0x000000008251d118,0x0000000087600000)
 Metaspace       used 20233K, capacity 21146K, committed 21248K, reserved 1067008K
  class space    used 2541K, capacity 2745K, committed 2816K, reserved 1048576K
Event: 1.542 GC heap after
Heap after GC invocations=4 (full 0):
 PSYoungGen      total 70656K, used 5094K [0x00000000d6100000, 0x00000000dab00000, 0x0000000100000000)
  eden space 65536K, 0% used [0x00000000d6100000,0x00000000d6100000,0x00000000da100000)
  from space 5120K, 99% used [0x00000000da600000,0x00000000daaf9b68,0x00000000dab00000)
  to   space 5120K, 0% used [0x00000000da100000,0x00000000da100000,0x00000000da600000)
 ParOldGen       total 86016K, used 6357K [0x0000000082200000, 0x0000000087600000, 0x00000000d6100000)
  object space 86016K, 7% used [0x0000000082200000,0x00000000828354f0,0x0000000087600000)
 Metaspace       used 20233K, capacity 21146K, committed 21248K, reserved 1067008K
  class space    used 2541K, capacity 2745K, committed 2816K, reserved 1048576K
}
Event: 1.543 GC heap before
{Heap before GC invocations=5 (full 0):
 PSYoungGen      total 70656K, used 5559K [0x00000000d6100000, 0x00000000dab00000, 0x0000000100000000)
  eden space 65536K, 0% used [0x00000000d6100000,0x00000000d6174350,0x00000000da100000)
  from space 5120K, 99% used [0x00000000da600000,0x00000000daaf9b68,0x00000000dab00000)
  to   space 5120K, 0% used [0x00000000da100000,0x00000000da100000,0x00000000da600000)
 ParOldGen       total 86016K, used 6357K [0x0000000082200000, 0x0000000087600000, 0x00000000d6100000)
  object space 86016K, 7% used [0x0000000082200000,0x00000000828354f0,0x0000000087600000)
 Metaspace       used 20233K, capacity 21146K, committed 21248K, reserved 1067008K
  class space    used 2541K, capacity 2745K, committed 2816K, reserved 1048576K
Event: 1.548 GC heap after
Heap after GC invocations=5 (full 0):
 PSYoungGen      total 70656K, used 5090K [0x00000000d6100000, 0x00000000dab00000, 0x0000000100000000)
  eden space 65536K, 0% used [0x00000000d6100000,0x00000000d6100000,0x00000000da100000)
  from space 5120K, 99% used [0x00000000da100000,0x00000000da5f8808,0x00000000da600000)
  to   space 5120K, 0% used [0x00000000da600000,0x00000000da600000,0x00000000dab00000)
 ParOldGen       total 86016K, used 6421K [0x0000000082200000, 0x0000000087600000, 0x00000000d6100000)
  object space 86016K, 7% used [0x0000000082200000,0x00000000828454f0,0x0000000087600000)
 Metaspace       used 20233K, capacity 21146K, committed 21248K, reserved 1067008K
  class space    used 2541K, capacity 2745K, committed 2816K, reserved 1048576K
}
Event: 1.548 GC heap before
{Heap before GC invocations=6 (full 1):
 PSYoungGen      total 70656K, used 5090K [0x00000000d6100000, 0x00000000dab00000, 0x0000000100000000)
  eden space 65536K, 0% used [0x00000000d6100000,0x00000000d6100000,0x00000000da100000)
  from space 5120K, 99% used [0x00000000da100000,0x00000000da5f8808,0x00000000da600000)
  to   space 5120K, 0% used [0x00000000da600000,0x00000000da600000,0x00000000dab00000)
 ParOldGen       total 86016K, used 6421K [0x0000000082200000, 0x0000000087600000, 0x00000000d6100000)
  object space 86016K, 7% used [0x0000000082200000,0x00000000828454f0,0x0000000087600000)
 Metaspace       used 20233K, capacity 21146K, committed 21248K, reserved 1067008K
  class space    used 2541K, capacity 2745K, committed 2816K, reserved 1048576K
Event: 1.574 GC heap after
Heap after GC invocations=6 (full 1):
 PSYoungGen      total 70656K, used 0K [0x00000000d6100000, 0x00000000dab00000, 0x0000000100000000)
  eden space 65536K, 0% used [0x00000000d6100000,0x00000000d6100000,0x00000000da100000)
  from space 5120K, 0% used [0x00000000da100000,0x00000000da100000,0x00000000da600000)
  to   space 5120K, 0% used [0x00000000da600000,0x00000000da600000,0x00000000dab00000)
 ParOldGen       total 47104K, used 8079K [0x0000000082200000, 0x0000000085000000, 0x00000000d6100000)
  object space 47104K, 17% used [0x0000000082200000,0x00000000829e3ef0,0x0000000085000000)
 Metaspace       used 20233K, capacity 21146K, committed 21248K, reserved 1067008K
  class space    used 2541K, capacity 2745K, committed 2816K, reserved 1048576K
}
Event: 1.730 GC heap before
{Heap before GC invocations=7 (full 1):
 PSYoungGen      total 70656K, used 65536K [0x00000000d6100000, 0x00000000dab00000, 0x0000000100000000)
  eden space 65536K, 100% used [0x00000000d6100000,0x00000000da100000,0x00000000da100000)
  from space 5120K, 0% used [0x00000000da100000,0x00000000da100000,0x00000000da600000)
  to   space 5120K, 0% used [0x00000000da600000,0x00000000da600000,0x00000000dab00000)
 ParOldGen       total 47104K, used 8079K [0x0000000082200000, 0x0000000085000000, 0x00000000d6100000)
  object space 47104K, 17% used [0x0000000082200000,0x00000000829e3ef0,0x0000000085000000)
 Metaspace       used 22214K, capacity 23202K, committed 23296K, reserved 1069056K
  class space    used 2824K, capacity 3045K, committed 3072K, reserved 1048576K
Event: 1.733 GC heap after
Heap after GC invocations=7 (full 1):
 PSYoungGen      total 70656K, used 3554K [0x00000000d6100000, 0x00000000dab00000, 0x0000000100000000)
  eden space 65536K, 0% used [0x00000000d6100000,0x00000000d6100000,0x00000000da100000)
  from space 5120K, 69% used [0x00000000da600000,0x00000000da978898,0x00000000dab00000)
  to   space 5120K, 0% used [0x00000000da100000,0x00000000da100000,0x00000000da600000)
 ParOldGen       total 47104K, used 8087K [0x0000000082200000, 0x0000000085000000, 0x00000000d6100000)
  object space 47104K, 17% used [0x0000000082200000,0x00000000829e5ef0,0x0000000085000000)
 Metaspace       used 22214K, capacity 23202K, committed 23296K, reserved 1069056K
  class space    used 2824K, capacity 3045K, committed 3072K, reserved 1048576K
}

Deoptimization events (10 events):
Event: 1.896 Thread 0x0000000003051800 Uncommon trap: reason=predicate action=maybe_recompile pc=0x000000000398fd4c method=java.util.AbstractCollection.toArray([Ljava/lang/Object;)[Ljava/lang/Object; @ 49
Event: 1.920 Thread 0x0000000003051800 Uncommon trap: reason=array_check action=maybe_recompile pc=0x00000000039b0540 method=java.util.AbstractCollection.toArray([Ljava/lang/Object;)[Ljava/lang/Object; @ 119
Event: 1.920 Thread 0x0000000003051800 Uncommon trap: reason=array_check action=maybe_recompile pc=0x00000000039b0540 method=java.util.AbstractCollection.toArray([Ljava/lang/Object;)[Ljava/lang/Object; @ 119
Event: 1.921 Thread 0x0000000003051800 Uncommon trap: reason=array_check action=maybe_recompile pc=0x00000000039b0540 method=java.util.AbstractCollection.toArray([Ljava/lang/Object;)[Ljava/lang/Object; @ 119
Event: 1.921 Thread 0x0000000003051800 Uncommon trap: reason=array_check action=maybe_recompile pc=0x00000000039b0540 method=java.util.AbstractCollection.toArray([Ljava/lang/Object;)[Ljava/lang/Object; @ 119
Event: 2.071 Thread 0x0000000003051800 Uncommon trap: reason=class_check action=maybe_recompile pc=0x0000000003972acc method=org.springframework.util.ConcurrentReferenceHashMap$Segment.findInChain(Lorg/springframework/util/ConcurrentReferenceHashMap$Reference;Ljava/lang/Object;I)Lorg/springfra
Event: 2.073 Thread 0x0000000003051800 Uncommon trap: reason=class_check action=maybe_recompile pc=0x000000000398a70c method=org.springframework.util.ConcurrentReferenceHashMap$Segment.findInChain(Lorg/springframework/util/ConcurrentReferenceHashMap$Reference;Ljava/lang/Object;I)Lorg/springfra
Event: 2.111 Thread 0x0000000003051800 Uncommon trap: reason=unstable_if action=reinterpret pc=0x0000000003a13368 method=org.springframework.core.annotation.MergedAnnotationsCollection.isMappingForType(Lorg/springframework/core/annotation/AnnotationTypeMapping;Ljava/lang/Object;)Z @ 13
Event: 2.200 Thread 0x0000000003051800 Uncommon trap: reason=unstable_if action=reinterpret pc=0x0000000003809738 method=java.util.Arrays.equals([Ljava/lang/Object;[Ljava/lang/Object;)Z @ 65
Event: 2.311 Thread 0x0000000003051800 Uncommon trap: reason=unstable_if action=reinterpret pc=0x0000000003af64b0 method=org.springframework.beans.factory.support.AbstractBeanFactory.isFactoryBean(Ljava/lang/String;Lorg/springframework/beans/factory/support/RootBeanDefinition;)Z @ 38

Classes redefined (0 events):
No events

Internal exceptions (10 events):
Event: 1.520 Thread 0x0000000003051800 Exception <a 'java/lang/ClassNotFoundException': org/springframework/beans/factory/AwareCustomizer> (0x00000000d7ca16a0) thrown at [C:\re\workspace\8-2-build-windows-amd64-cygwin\jdk8u211\12973\hotspot\src\share\vm\classfile\systemDictionary.cpp, line 210
Event: 1.520 Thread 0x0000000003051800 Exception <a 'java/lang/ClassNotFoundException': org/springframework/context/EnvironmentAwareCustomizer> (0x00000000d7cbcbf0) thrown at [C:\re\workspace\8-2-build-windows-amd64-cygwin\jdk8u211\12973\hotspot\src\share\vm\classfile\systemDictionary.cpp, lin
Event: 1.521 Thread 0x0000000003051800 Exception <a 'java/lang/ClassNotFoundException': org/springframework/beans/factory/AwareCustomizer> (0x00000000d7d0b4c8) thrown at [C:\re\workspace\8-2-build-windows-amd64-cygwin\jdk8u211\12973\hotspot\src\share\vm\classfile\systemDictionary.cpp, line 210
Event: 1.619 Thread 0x0000000003051800 Exception <a 'java/lang/NoSuchMethodError': java.lang.Object.lambda$or$2(Ljava/util/function/Predicate;Ljava/lang/Object;)Z> (0x00000000d68af0f8) thrown at [C:\re\workspace\8-2-build-windows-amd64-cygwin\jdk8u211\12973\hotspot\src\share\vm\interpreter\lin
Event: 1.669 Thread 0x000000001dfa0800 Exception <a 'java/lang/IncompatibleClassChangeError': Found class java.lang.Object, but interface was expected> (0x00000000d79b1228) thrown at [C:\re\workspace\8-2-build-windows-amd64-cygwin\jdk8u211\12973\hotspot\src\share\vm\interpreter\linkResolver.cp
Event: 1.718 Thread 0x0000000003051800 Exception <a 'java/lang/IncompatibleClassChangeError': Found class java.lang.Object, but interface was expected> (0x00000000da058d18) thrown at [C:\re\workspace\8-2-build-windows-amd64-cygwin\jdk8u211\12973\hotspot\src\share\vm\interpreter\linkResolver.cp
Event: 1.756 Thread 0x0000000003051800 Exception <a 'java/lang/NoSuchMethodError': java.lang.Object.lambda$getAllAnnotationAttributes$0(Lorg/springframework/util/MultiValueMap;)Lorg/springframework/util/MultiValueMap;> (0x00000000d62b1900) thrown at [C:\re\workspace\8-2-build-windows-amd64-cyg
Event: 1.756 Thread 0x0000000003051800 Exception <a 'java/lang/NoSuchMethodError': java.lang.Object.lambda$identity$2(Ljava/lang/Object;)Ljava/lang/Object;> (0x00000000d62b5228) thrown at [C:\re\workspace\8-2-build-windows-amd64-cygwin\jdk8u211\12973\hotspot\src\share\vm\interpreter\linkResolv
Event: 1.888 Thread 0x0000000003051800 Exception <a 'java/io/FileNotFoundException'> (0x00000000d6e58348) thrown at [C:\re\workspace\8-2-build-windows-amd64-cygwin\jdk8u211\12973\hotspot\src\share\vm\prims\jni.cpp, line 710]
Event: 2.041 Thread 0x0000000003051800 Exception <a 'java/lang/NoSuchMethodError': java.lang.Object.lambda$getRequiredAttribute$0(Ljava/lang/String;)Ljava/lang/IllegalArgumentException;> (0x00000000d7df9830) thrown at [C:\re\workspace\8-2-build-windows-amd64-cygwin\jdk8u211\12973\hotspot\src\s

Events (10 events):
Event: 2.335 loading class org/springframework/data/web/config/PageableHandlerMethodArgumentResolverCustomizer
Event: 2.335 loading class org/springframework/data/web/config/PageableHandlerMethodArgumentResolverCustomizer done
Event: 2.337 loading class org/springframework/data/web/config/ProjectingArgumentResolverRegistrar$ProjectingArgumentResolverBeanPostProcessor
Event: 2.337 loading class org/springframework/data/web/config/ProjectingArgumentResolverRegistrar$ProjectingArgumentResolverBeanPostProcessor done
Event: 2.339 loading class org/springframework/data/web/SortHandlerMethodArgumentResolver
Event: 2.339 loading class org/springframework/data/web/SortHandlerMethodArgumentResolver done
Event: 2.339 loading class org/springframework/data/web/SortArgumentResolver
Event: 2.339 loading class org/springframework/data/web/SortArgumentResolver done
Event: 2.340 loading class org/springframework/data/web/SortHandlerMethodArgumentResolverSupport
Event: 2.340 loading class org/springframework/data/web/SortHandlerMethodArgumentResolverSupport done


Dynamic libraries:
0x00007ff618bb0000 - 0x00007ff618be7000 	D:\Program Files\Java\jdk1.8.0_211\bin\java.exe
0x00007ff9e3c10000 - 0x00007ff9e3e05000 	C:\WINDOWS\SYSTEM32\ntdll.dll
0x00007ff9e2070000 - 0x00007ff9e212e000 	C:\WINDOWS\System32\KERNEL32.DLL
0x00007ff9e1180000 - 0x00007ff9e1448000 	C:\WINDOWS\System32\KERNELBASE.dll
0x00007ff9e1e10000 - 0x00007ff9e1ebe000 	C:\WINDOWS\System32\ADVAPI32.dll
0x00007ff9e1f70000 - 0x00007ff9e200e000 	C:\WINDOWS\System32\msvcrt.dll
0x00007ff9e2b50000 - 0x00007ff9e2bec000 	C:\WINDOWS\System32\sechost.dll
0x00007ff9e38a0000 - 0x00007ff9e39c5000 	C:\WINDOWS\System32\RPCRT4.dll
0x00007ff9e2130000 - 0x00007ff9e22d0000 	C:\WINDOWS\System32\USER32.dll
0x00007ff9e1730000 - 0x00007ff9e1752000 	C:\WINDOWS\System32\win32u.dll
0x00007ff9e1b30000 - 0x00007ff9e1b5b000 	C:\WINDOWS\System32\GDI32.dll
0x00007ff9e1990000 - 0x00007ff9e1a9b000 	C:\WINDOWS\System32\gdi32full.dll
0x00007ff9e18f0000 - 0x00007ff9e198d000 	C:\WINDOWS\System32\msvcp_win.dll
0x00007ff9e1760000 - 0x00007ff9e1860000 	C:\WINDOWS\System32\ucrtbase.dll
0x00007ff9c8020000 - 0x00007ff9c82ba000 	C:\WINDOWS\WinSxS\amd64_microsoft.windows.common-controls_6595b64144ccf1df_6.0.19041.1110_none_60b5254171f9507e\COMCTL32.dll
0x00007ff9e1de0000 - 0x00007ff9e1e10000 	C:\WINDOWS\System32\IMM32.DLL
0x000000005ff70000 - 0x0000000060042000 	D:\Program Files\Java\jdk1.8.0_211\jre\bin\msvcr100.dll
0x000000005f6c0000 - 0x000000005ff65000 	D:\Program Files\Java\jdk1.8.0_211\jre\bin\server\jvm.dll
0x00007ff9e2a70000 - 0x00007ff9e2a78000 	C:\WINDOWS\System32\PSAPI.DLL
0x00007ff9d9bc0000 - 0x00007ff9d9bca000 	C:\WINDOWS\SYSTEM32\VERSION.dll
0x00007ff9cbc10000 - 0x00007ff9cbc37000 	C:\WINDOWS\SYSTEM32\WINMM.dll
0x00007ff9be760000 - 0x00007ff9be769000 	C:\WINDOWS\SYSTEM32\WSOCK32.dll
0x00007ff9e1d70000 - 0x00007ff9e1ddb000 	C:\WINDOWS\System32\WS2_32.dll
0x00007ff9dab30000 - 0x00007ff9dab3f000 	D:\Program Files\Java\jdk1.8.0_211\jre\bin\verify.dll
0x00007ff9c67b0000 - 0x00007ff9c67d9000 	D:\Program Files\Java\jdk1.8.0_211\jre\bin\java.dll
0x00007ff9c6780000 - 0x00007ff9c67a3000 	D:\Program Files\Java\jdk1.8.0_211\jre\bin\instrument.dll
0x00007ff9c6760000 - 0x00007ff9c6776000 	D:\Program Files\Java\jdk1.8.0_211\jre\bin\zip.dll
0x00007ff9e2bf0000 - 0x00007ff9e3334000 	C:\WINDOWS\System32\SHELL32.dll
0x00007ff9df010000 - 0x00007ff9df7a4000 	C:\WINDOWS\SYSTEM32\windows.storage.dll
0x00007ff9e3420000 - 0x00007ff9e3774000 	C:\WINDOWS\System32\combase.dll
0x00007ff9e0a20000 - 0x00007ff9e0a4c000 	C:\WINDOWS\SYSTEM32\Wldp.dll
0x00007ff9e3af0000 - 0x00007ff9e3b9d000 	C:\WINDOWS\System32\SHCORE.dll
0x00007ff9e1d10000 - 0x00007ff9e1d65000 	C:\WINDOWS\System32\shlwapi.dll
0x00007ff9e0f00000 - 0x00007ff9e0f1f000 	C:\WINDOWS\SYSTEM32\profapi.dll
0x00007ff9c6740000 - 0x00007ff9c675a000 	D:\Program Files\JetBrains\IntelliJ IDEA 2019.1.1\bin\breakgen64.dll
0x00007ff9c6720000 - 0x00007ff9c673a000 	D:\Program Files\Java\jdk1.8.0_211\jre\bin\net.dll
0x00007ff9cdc10000 - 0x00007ff9cddfc000 	C:\WINDOWS\SYSTEM32\urlmon.dll
0x00007ff9ce1b0000 - 0x00007ff9ce461000 	C:\WINDOWS\SYSTEM32\iertutil.dll
0x00007ff9e05d0000 - 0x00007ff9e05dc000 	C:\WINDOWS\SYSTEM32\netutils.dll
0x00007ff9cdbe0000 - 0x00007ff9cdc08000 	C:\WINDOWS\SYSTEM32\srvcli.dll
0x00007ff9c8870000 - 0x00007ff9c889a000 	C:\Program Files (x86)\Tencent\QQPCMgr\Plugins\GameAssist\3.0.8345.138\QMProxyAccLsp64.dll
0x00007ff9e1450000 - 0x00007ff9e15a6000 	C:\WINDOWS\System32\CRYPT32.dll
0x00007ff9e0780000 - 0x00007ff9e07ea000 	C:\WINDOWS\system32\mswsock.dll
0x00007ff9c6700000 - 0x00007ff9c6712000 	D:\Program Files\Java\jdk1.8.0_211\jre\bin\nio.dll
0x00007ff9d87b0000 - 0x00007ff9d87bd000 	D:\Program Files\Java\jdk1.8.0_211\jre\bin\management.dll
0x00007ff9b6ed0000 - 0x00007ff9b6ee7000 	C:\WINDOWS\system32\napinsp.dll
0x00007ff9b7070000 - 0x00007ff9b708b000 	C:\WINDOWS\system32\pnrpnsp.dll
0x00007ff9dbde0000 - 0x00007ff9dbdf5000 	C:\WINDOWS\system32\wshbth.dll
0x00007ff9dc890000 - 0x00007ff9dc8ad000 	C:\WINDOWS\system32\NLAapi.dll
0x00007ff9e0470000 - 0x00007ff9e04ab000 	C:\WINDOWS\SYSTEM32\IPHLPAPI.DLL
0x00007ff9e04b0000 - 0x00007ff9e057a000 	C:\WINDOWS\SYSTEM32\DNSAPI.dll
0x00007ff9e3bc0000 - 0x00007ff9e3bc8000 	C:\WINDOWS\System32\NSI.dll
0x00007ff9b7050000 - 0x00007ff9b7062000 	C:\WINDOWS\System32\winrnr.dll
0x00007ff9d6db0000 - 0x00007ff9d6dba000 	C:\Windows\System32\rasadhlp.dll
0x00007ff9d5110000 - 0x00007ff9d518f000 	C:\WINDOWS\System32\fwpuclnt.dll
0x00007ff9e16b0000 - 0x00007ff9e16d7000 	C:\WINDOWS\System32\bcrypt.dll

VM Arguments:
jvm_args: -ea -Didea.test.cyclic.buffer.size=1048576 -javaagent:D:\Program Files\JetBrains\IntelliJ IDEA 2019.1.1\lib\idea_rt.jar=60290:D:\Program Files\JetBrains\IntelliJ IDEA 2019.1.1\bin -Dfile.encoding=UTF-8 
java_command: com.intellij.rt.execution.junit.JUnitStarter -ideVersion5 -junit4 com.csu.mall.UserTest,get
java_class_path (initial): D:\Program Files\JetBrains\IntelliJ IDEA 2019.1.1\lib\idea_rt.jar;D:\Program Files\JetBrains\IntelliJ IDEA 2019.1.1\plugins\junit\lib\junit-rt.jar;D:\Program Files\JetBrains\IntelliJ IDEA 2019.1.1\plugins\junit\lib\junit5-rt.jar;D:\Program Files\Java\jdk1.8.0_211\jre\lib\charsets.jar;D:\Program Files\Java\jdk1.8.0_211\jre\lib\deploy.jar;D:\Program Files\Java\jdk1.8.0_211\jre\lib\ext\access-bridge-64.jar;D:\Program Files\Java\jdk1.8.0_211\jre\lib\ext\cldrdata.jar;D:\Program Files\Java\jdk1.8.0_211\jre\lib\ext\dnsns.jar;D:\Program Files\Java\jdk1.8.0_211\jre\lib\ext\jaccess.jar;D:\Program Files\Java\jdk1.8.0_211\jre\lib\ext\jfxrt.jar;D:\Program Files\Java\jdk1.8.0_211\jre\lib\ext\localedata.jar;D:\Program Files\Java\jdk1.8.0_211\jre\lib\ext\nashorn.jar;D:\Program Files\Java\jdk1.8.0_211\jre\lib\ext\sunec.jar;D:\Program Files\Java\jdk1.8.0_211\jre\lib\ext\sunjce_provider.jar;D:\Program Files\Java\jdk1.8.0_211\jre\lib\ext\sunmscapi.jar;D:\Program Files\Java\jdk1.8.0_211\jre\lib\ext\sunpkcs11.jar;D:\Program Files\Java\jdk1.8.0_211\jre\lib\ext\zipfs.jar;D:\Program Files\Java\jdk1.8.0_211\jre\lib\javaws.jar;D:\Program Files\Java\jdk1.8.0_211\jre\lib\jce.jar;D:\Program Files\Java\jdk1.8.0_211\jre\lib\jfr.jar;D:\Program Files\Java\jdk1.8.0_211\jre\lib\jfxswt.jar;D:\Program Files\Java\jdk1.8.0_211\jre\lib\jsse.jar;D:\Program Files\Java\jdk1.8.0_211\jre\lib\management-agent.jar;D:\Program Files\Java\jdk1.8.0_211\jre\lib\plugin.jar;D:\Program Files\Java\jdk1.8.0_211\jre\lib\resources.jar;D:\Program Files\Java\jdk1.8.0_211\jre\lib\rt.jar;E:\Projects\springboot_study\csu_super_mall\target\test-classes;E:\Projects\springboot_study\csu_super_mall\target\classes;D:\maven\apache-maven-3.6.1\maven-repo\org\springframework\boot\spring-boot-starter\2.5.6\spring-boot-starter-2.5.6.jar;D:\maven\apache-maven-3.6.1\maven-repo\org\springframework\boot\spring-boot\2.5.6\spring-boot-2.5.6.jar;D:\maven\apache-maven-3.6.1\maven-repo\org\springframework\spring-context
Launcher Type: SUN_STANDARD

Environment Variables:
JAVA_HOME=D:\Program Files\Java\jdk1.8.0_211
CLASSPATH=D:\Program Files\Java\jdk1.8.0_211\lib\dt.jar;D:\Program Files\Java\jdk1.8.0_211\lib\tools.jar
PATH=C:\Program Files (x86)\Common Files\Oracle\Java\javapath;C:\Program Files (x86)\Intel\Intel(R) Management Engine Components\iCLS\;C:\Program Files\Intel\Intel(R) Management Engine Components\iCLS\;C:\Windows\system32;C:\Windows;C:\Windows\System32\Wbem;C:\Windows\System32\WindowsPowerShell\v1.0\;C:\Windows\System32\OpenSSH\;C:\Program Files (x86)\Intel\Intel(R) Management Engine Components\DAL;C:\Program Files\Intel\Intel(R) Management Engine Components\DAL;C:\Program Files\Intel\WiFi\bin\;C:\Program Files\Common Files\Intel\WirelessCommon\;C:\Program Files (x86)\NVIDIA Corporation\PhysX\Common;C:\Program Files\NVIDIA Corporation\NVIDIA NvDLISR;C:\Program Files\Microsoft SQL Server\130\Tools\Binn\;C:\Program Files\dotnet\;D:\Program Files\mysql-8.0.16-winx64\bin;"D:\apache-tomcat-8.5.41\bin;D:\apache-tomcat-8.5.41\lib";"D:\Program Files\Java\jdk1.8.0_211\bin;D:\Program Files\Java\jdk1.8.0_211\jre\bin";D:\maven\apache-maven-3.6.1\bin;D:\Program Files\Python;D:\python;D:\Program Files (x86)\PortableGit\bin;E:\Python27;D:\Program Files\Git\cmd;E:\AndroidSDK\platform-tools;C:\WINDOWS\system32;C:\WINDOWS;C:\WINDOWS\System32\Wbem;C:\WINDOWS\System32\WindowsPowerShell\v1.0\;C:\WINDOWS\System32\OpenSSH\;D:\Program Files\nodejs\;D:\Program Files\curl\curl-7.76.1-win64-mingw\bin;D:\python-3.6;D:\python3.8-32\Scripts\;D:\python3.8-32\;C:\Users\xjw\AppData\Local\Microsoft\WindowsApps;D:\Users\xjw\AppData\Local\Programs\Microsoft VS Code\bin;D:\Program Files\nodejs\node_global;D:\Program Files\Java\jdk1.8.0_211\jre\lib\rt.jar;D:\Program Files\JetBrains\IntelliJ IDEA 2019.1.1\bin;;D:\Program Files\mysql-8.0.16-winx64\bin;D:\Program Files\Python;D:\python-3.6\Scripts;
USERNAME=xjw
OS=Windows_NT
PROCESSOR_IDENTIFIER=Intel64 Family 6 Model 158 Stepping 10, GenuineIntel



---------------  S Y S T E M  ---------------

OS: Windows 10.0 , 64 bit Build 19041 (10.0.19041.1566)

CPU:total 12 (initial active 12) (6 cores per cpu, 2 threads per core) family 6 model 158 stepping 10, cmov, cx8, fxsr, mmx, sse, sse2, sse3, ssse3, sse4.1, sse4.2, popcnt, avx, avx2, aes, clmul, erms, 3dnowpref, lzcnt, ht, tsc, tscinvbit, bmi1, bmi2, adx

Memory: 4k page, physical 8243048k(797540k free), swap 16631656k(5412k free)

vm_info: Java HotSpot(TM) 64-Bit Server VM (25.211-b12) for windows-amd64 JRE (1.8.0_211-b12), built on Apr  1 2019 20:53:26 by "java_re" with MS VC++ 10.0 (VS2010)

time: Sat Apr 09 18:22:18 2022
timezone: 中国标准时间
elapsed time: 2 seconds (0d 0h 0m 2s)

